<?xml version="1.0" encoding="UTF-8"?>
<testng-results ignored="0" total="1" passed="1" failed="0" skipped="0">
  <reporter-output>
  </reporter-output>
  <suite started-at="2024-09-15T12:01:40 IST" name="Default suite" finished-at="2024-09-15T12:01:43 IST" duration-ms="3332">
    <groups>
    </groups>
    <test started-at="2024-09-15T12:01:40 IST" name="Default test" finished-at="2024-09-15T12:01:43 IST" duration-ms="3332">
      <class name="RestRequests.CreateDevicePost">
        <test-method signature="createNewDeviceUsingCombinedClass()[pri:0, instance:RestRequests.CreateDevicePost@40cb8df7]" started-at="2024-09-15T12:01:40 IST" name="createNewDeviceUsingCombinedClass" finished-at="2024-09-15T12:01:43 IST" duration-ms="3289" status="PASS">
          <reporter-output>
          </reporter-output>
        </test-method> <!-- createNewDeviceUsingCombinedClass -->
      </class> <!-- RestRequests.CreateDevicePost -->
    </test> <!-- Default test -->
  </suite> <!-- Default suite -->
</testng-results>
